Diappetes/app/build/intermediates/manifest_merge_blame_file/debug/manifest-merger-blame-debug-report.txt
1<?xml version="1.0" encoding="utf-8"?>
2<manifest xmlns:android="http://schemas.android.com/apk/res/android"
3    package="com.serkanonder.diappetes"
4    android:versionCode="1"
5    android:versionName="1.0" >
6
7    <uses-sdk
8        android:minSdkVersion="21"
8-->src/main/AndroidManifest.xml
9        android:targetSdkVersion="32" />
9-->src/main/AndroidManifest.xml
10
11    <uses-permission android:name="android.permission.INTERNET" />
11-->src/main/AndroidManifest.xml:5:5-67
11-->src/main/AndroidManifest.xml:5:22-64
12    <uses-permission android:name="android.permission.BLUETOOTH_CONNECT" />
12-->src/main/AndroidManifest.xml:6:5-76
12-->src/main/AndroidManifest.xml:6:22-73
13    <uses-permission android:name="android.permission.BLUETOOTH_ADMIN" />
13-->src/main/AndroidManifest.xml:7:5-73
13-->src/main/AndroidManifest.xml:7:22-71
14    <uses-permission android:name="android.permission.BLUETOOTH" />
14-->src/main/AndroidManifest.xml:8:5-67
14-->src/main/AndroidManifest.xml:8:22-65
15    <uses-permission android:name="android.permission.BODY_SENSORS" />
15-->src/main/AndroidManifest.xml:9:5-70
15-->src/main/AndroidManifest.xml:9:22-68
16    <uses-permission android:name="android.permission.BLUETOOTH_SCAN" />
16-->src/main/AndroidManifest.xml:10:5-73
16-->src/main/AndroidManifest.xml:10:22-70
17    <uses-permission android:name="android.permission.BLUETOOTH_ADVERTISE" />
17-->src/main/AndroidManifest.xml:11:5-78
17-->src/main/AndroidManifest.xml:11:22-75
18    <uses-permission android:name="android.permission.BLUETOOTH_CONNECT" />
18-->src/main/AndroidManifest.xml:6:5-76
18-->src/main/AndroidManifest.xml:6:22-73
19    <uses-permission android:name="android.permission.ACCESS_NETWORK_STATE" />
19-->[com.google.firebase:firebase-auth:21.0.3] AndroidManifest.xml:24:5-79
19-->[com.google.firebase:firebase-auth:21.0.3] AndroidManifest.xml:24:22-76
20
21    <application
21-->src/main/AndroidManifest.xml:16:5-81:19
22        android:allowBackup="true"
22-->src/main/AndroidManifest.xml:17:9-35
23        android:appComponentFactory="androidx.core.app.CoreComponentFactory"
23-->[androidx.core:core:1.7.0] AndroidManifest.xml:24:18-86
24        android:dataExtractionRules="@xml/data_extraction_rules"
24-->src/main/AndroidManifest.xml:18:9-65
25        android:debuggable="true"
26        android:fullBackupContent="@xml/backup_rules"
26-->src/main/AndroidManifest.xml:19:9-54
27        android:icon="@mipmap/ic_launcher"
27-->src/main/AndroidManifest.xml:20:9-43
28        android:label="@string/app_name"
28-->src/main/AndroidManifest.xml:21:9-41
29        android:roundIcon="@mipmap/ic_launcher_round"
29-->src/main/AndroidManifest.xml:22:9-54
30        android:supportsRtl="true"
30-->src/main/AndroidManifest.xml:23:9-35
31        android:testOnly="true"
32        android:theme="@style/Theme.Diappetes" >
32-->src/main/AndroidManifest.xml:24:9-47
33        <activity
33-->src/main/AndroidManifest.xml:26:9-32:20
34            android:name="com.serkanonder.diappetes.MedicalActivity"
34-->src/main/AndroidManifest.xml:27:13-44
35            android:exported="false" >
35-->src/main/AndroidManifest.xml:28:13-37
36            <meta-data
36-->src/main/AndroidManifest.xml:29:13-31:36
37                android:name="android.app.lib_name"
37-->src/main/AndroidManifest.xml:30:17-52
38                android:value="" />
38-->src/main/AndroidManifest.xml:31:17-33
39        </activity>
40        <activity
40-->src/main/AndroidManifest.xml:33:9-39:20
41            android:name="com.serkanonder.diappetes.CalculatorActivity"
41-->src/main/AndroidManifest.xml:34:13-47
42            android:exported="false" >
42-->src/main/AndroidManifest.xml:35:13-37
43            <meta-data
43-->src/main/AndroidManifest.xml:29:13-31:36
44                android:name="android.app.lib_name"
44-->src/main/AndroidManifest.xml:30:17-52
45                android:value="" />
45-->src/main/AndroidManifest.xml:31:17-33
46        </activity>
47        <activity
47-->src/main/AndroidManifest.xml:40:9-46:20
48            android:name="com.serkanonder.diappetes.ProfileActivity"
48-->src/main/AndroidManifest.xml:41:13-44
49            android:exported="false" >
49-->src/main/AndroidManifest.xml:42:13-37
50            <meta-data
50-->src/main/AndroidManifest.xml:29:13-31:36
51                android:name="android.app.lib_name"
51-->src/main/AndroidManifest.xml:30:17-52
52                android:value="" />
52-->src/main/AndroidManifest.xml:31:17-33
53        </activity>
54        <activity
54-->src/main/AndroidManifest.xml:47:9-53:20
55            android:name="com.serkanonder.diappetes.login.RegisterActivity"
55-->src/main/AndroidManifest.xml:48:13-51
56            android:exported="false" >
56-->src/main/AndroidManifest.xml:49:13-37
57            <meta-data
57-->src/main/AndroidManifest.xml:29:13-31:36
58                android:name="android.app.lib_name"
58-->src/main/AndroidManifest.xml:30:17-52
59                android:value="" />
59-->src/main/AndroidManifest.xml:31:17-33
60        </activity>
61        <activity
61-->src/main/AndroidManifest.xml:54:9-60:20
62            android:name="com.serkanonder.diappetes.login.LoginActivity"
62-->src/main/AndroidManifest.xml:55:13-48
63            android:exported="false" >
63-->src/main/AndroidManifest.xml:56:13-37
64            <meta-data
64-->src/main/AndroidManifest.xml:29:13-31:36
65                android:name="android.app.lib_name"
65-->src/main/AndroidManifest.xml:30:17-52
66                android:value="" />
66-->src/main/AndroidManifest.xml:31:17-33
67        </activity>
68        <activity
68-->src/main/AndroidManifest.xml:61:9-73:20
69            android:name="com.serkanonder.diappetes.onboarding.OnBoardingActivity"
69-->src/main/AndroidManifest.xml:62:13-58
70            android:exported="true" >
70-->src/main/AndroidManifest.xml:63:13-36
71            <intent-filter>
71-->src/main/AndroidManifest.xml:64:13-68:29
72                <action android:name="android.intent.action.MAIN" />
72-->src/main/AndroidManifest.xml:65:17-69
72-->src/main/AndroidManifest.xml:65:25-66
73
74                <category android:name="android.intent.category.LAUNCHER" />
74-->src/main/AndroidManifest.xml:67:17-77
74-->src/main/AndroidManifest.xml:67:27-74
75            </intent-filter>
76
77            <meta-data
77-->src/main/AndroidManifest.xml:29:13-31:36
78                android:name="android.app.lib_name"
78-->src/main/AndroidManifest.xml:30:17-52
79                android:value="" />
79-->src/main/AndroidManifest.xml:31:17-33
80        </activity>
81        <activity
81-->src/main/AndroidManifest.xml:74:9-80:20
82            android:name="com.serkanonder.diappetes.MainActivity"
82-->src/main/AndroidManifest.xml:75:13-41
83            android:exported="false" >
83-->src/main/AndroidManifest.xml:76:13-37
84            <meta-data
84-->src/main/AndroidManifest.xml:29:13-31:36
85                android:name="android.app.lib_name"
85-->src/main/AndroidManifest.xml:30:17-52
86                android:value="" />
86-->src/main/AndroidManifest.xml:31:17-33
87        </activity>
88
89        <service
89-->[com.google.firebase:firebase-database-ktx:20.1.0] AndroidManifest.xml:11:9-17:19
90            android:name="com.google.firebase.components.ComponentDiscoveryService"
90-->[com.google.firebase:firebase-database-ktx:20.1.0] AndroidManifest.xml:12:13-84
91            android:directBootAware="true"
91-->[com.google.firebase:firebase-common:20.2.0] AndroidManifest.xml:34:13-43
92            android:exported="false" >
92-->[com.google.firebase:firebase-database-ktx:20.1.0] AndroidManifest.xml:13:13-37
93            <meta-data
93-->[com.google.firebase:firebase-database-ktx:20.1.0] AndroidManifest.xml:14:13-16:85
94                android:name="com.google.firebase.components:com.google.firebase.database.ktx.FirebaseDatabaseKtxRegistrar"
94-->[com.google.firebase:firebase-database-ktx:20.1.0] AndroidManifest.xml:15:17-124
95                android:value="com.google.firebase.components.ComponentRegistrar" />
95-->[com.google.firebase:firebase-database-ktx:20.1.0] AndroidManifest.xml:16:17-82
96            <meta-data
96-->[com.google.firebase:firebase-common-ktx:20.2.0] AndroidManifest.xml:14:13-16:85
97                android:name="com.google.firebase.components:com.google.firebase.ktx.FirebaseCommonKtxRegistrar"
97-->[com.google.firebase:firebase-common-ktx:20.2.0] AndroidManifest.xml:15:17-113
98                android:value="com.google.firebase.components.ComponentRegistrar" />
98-->[com.google.firebase:firebase-common-ktx:20.2.0] AndroidManifest.xml:16:17-82
99            <meta-data
99-->[com.google.firebase:firebase-auth:21.0.3] AndroidManifest.xml:67:13-69:85
100                android:name="com.google.firebase.components:com.google.firebase.auth.FirebaseAuthRegistrar"
100-->[com.google.firebase:firebase-auth:21.0.3] AndroidManifest.xml:68:17-109
101                android:value="com.google.firebase.components.ComponentRegistrar" />
101-->[com.google.firebase:firebase-auth:21.0.3] AndroidManifest.xml:69:17-82
102            <meta-data
102-->[com.google.firebase:firebase-database:20.1.0] AndroidManifest.xml:31:13-33:85
103                android:name="com.google.firebase.components:com.google.firebase.database.DatabaseRegistrar"
103-->[com.google.firebase:firebase-database:20.1.0] AndroidManifest.xml:32:17-109
104                android:value="com.google.firebase.components.ComponentRegistrar" />
104-->[com.google.firebase:firebase-database:20.1.0] AndroidManifest.xml:33:17-82
105        </service>
106
107        <activity
107-->[com.google.firebase:firebase-auth:21.0.3] AndroidManifest.xml:27:9-44:20
108            android:name="com.google.firebase.auth.internal.GenericIdpActivity"
108-->[com.google.firebase:firebase-auth:21.0.3] AndroidManifest.xml:28:13-80
109            android:excludeFromRecents="true"
109-->[com.google.firebase:firebase-auth:21.0.3] AndroidManifest.xml:29:13-46
110            android:exported="true"
110-->[com.google.firebase:firebase-auth:21.0.3] AndroidManifest.xml:30:13-36
111            android:launchMode="singleTask"
111-->[com.google.firebase:firebase-auth:21.0.3] AndroidManifest.xml:31:13-44
112            android:theme="@android:style/Theme.Translucent.NoTitleBar" >
112-->[com.google.firebase:firebase-auth:21.0.3] AndroidManifest.xml:32:13-72
113            <intent-filter>
113-->[com.google.firebase:firebase-auth:21.0.3] AndroidManifest.xml:33:13-43:29
114                <action android:name="android.intent.action.VIEW" />
114-->[com.google.firebase:firebase-auth:21.0.3] AndroidManifest.xml:34:17-69
114-->[com.google.firebase:firebase-auth:21.0.3] AndroidManifest.xml:34:25-66
115
116                <category android:name="android.intent.category.DEFAULT" />
116-->[com.google.firebase:firebase-auth:21.0.3] AndroidManifest.xml:36:17-76
116-->[com.google.firebase:firebase-auth:21.0.3] AndroidManifest.xml:36:27-73
117                <category android:name="android.intent.category.BROWSABLE" />
117-->[com.google.firebase:firebase-auth:21.0.3] AndroidManifest.xml:37:17-78
117-->[com.google.firebase:firebase-auth:21.0.3] AndroidManifest.xml:37:27-75
118
119                <data
119-->[com.google.firebase:firebase-auth:21.0.3] AndroidManifest.xml:39:17-42:51
120                    android:host="firebase.auth"
120-->[com.google.firebase:firebase-auth:21.0.3] AndroidManifest.xml:40:21-49
121                    android:path="/"
121-->[com.google.firebase:firebase-auth:21.0.3] AndroidManifest.xml:41:21-37
122                    android:scheme="genericidp" />
122-->[com.google.firebase:firebase-auth:21.0.3] AndroidManifest.xml:42:21-48
123            </intent-filter>
124        </activity>
125        <activity
125-->[com.google.firebase:firebase-auth:21.0.3] AndroidManifest.xml:45:9-62:20
126            android:name="com.google.firebase.auth.internal.RecaptchaActivity"
126-->[com.google.firebase:firebase-auth:21.0.3] AndroidManifest.xml:46:13-79
127            android:excludeFromRecents="true"
127-->[com.google.firebase:firebase-auth:21.0.3] AndroidManifest.xml:47:13-46
128            android:exported="true"
128-->[com.google.firebase:firebase-auth:21.0.3] AndroidManifest.xml:48:13-36
129            android:launchMode="singleTask"
129-->[com.google.firebase:firebase-auth:21.0.3] AndroidManifest.xml:49:13-44
130            android:theme="@android:style/Theme.Translucent.NoTitleBar" >
130-->[com.google.firebase:firebase-auth:21.0.3] AndroidManifest.xml:50:13-72
131            <intent-filter>
131-->[com.google.firebase:firebase-auth:21.0.3] AndroidManifest.xml:51:13-61:29
132                <action android:name="android.intent.action.VIEW" />
132-->[com.google.firebase:firebase-auth:21.0.3] AndroidManifest.xml:34:17-69
132-->[com.google.firebase:firebase-auth:21.0.3] AndroidManifest.xml:34:25-66
133
134                <category android:name="android.intent.category.DEFAULT" />
134-->[com.google.firebase:firebase-auth:21.0.3] AndroidManifest.xml:36:17-76
134-->[com.google.firebase:firebase-auth:21.0.3] AndroidManifest.xml:36:27-73
135                <category android:name="android.intent.category.BROWSABLE" />
135-->[com.google.firebase:firebase-auth:21.0.3] AndroidManifest.xml:37:17-78
135-->[com.google.firebase:firebase-auth:21.0.3] AndroidManifest.xml:37:27-75
136
137                <data
137-->[com.google.firebase:firebase-auth:21.0.3] AndroidManifest.xml:39:17-42:51
138                    android:host="firebase.auth"
138-->[com.google.firebase:firebase-auth:21.0.3] AndroidManifest.xml:40:21-49
139                    android:path="/"
139-->[com.google.firebase:firebase-auth:21.0.3] AndroidManifest.xml:41:21-37
140                    android:scheme="recaptcha" />
140-->[com.google.firebase:firebase-auth:21.0.3] AndroidManifest.xml:42:21-48
141            </intent-filter>
142        </activity>
143        <activity
143-->[com.google.android.gms:play-services-auth:20.3.0] AndroidManifest.xml:23:9-27:75
144            android:name="com.google.android.gms.auth.api.signin.internal.SignInHubActivity"
144-->[com.google.android.gms:play-services-auth:20.3.0] AndroidManifest.xml:24:13-93
145            android:excludeFromRecents="true"
145-->[com.google.android.gms:play-services-auth:20.3.0] AndroidManifest.xml:25:13-46
146            android:exported="false"
146-->[com.google.android.gms:play-services-auth:20.3.0] AndroidManifest.xml:26:13-37
147            android:theme="@android:style/Theme.Translucent.NoTitleBar" />
147-->[com.google.android.gms:play-services-auth:20.3.0] AndroidManifest.xml:27:13-72
148        <!--
149            Service handling Google Sign-In user revocation. For apps that do not integrate with
150            Google Sign-In, this service will never be started.
151        -->
152        <service
152-->[com.google.android.gms:play-services-auth:20.3.0] AndroidManifest.xml:33:9-37:51
153            android:name="com.google.android.gms.auth.api.signin.RevocationBoundService"
153-->[com.google.android.gms:play-services-auth:20.3.0] AndroidManifest.xml:34:13-89
154            android:exported="true"
154-->[com.google.android.gms:play-services-auth:20.3.0] AndroidManifest.xml:35:13-36
155            android:permission="com.google.android.gms.auth.api.signin.permission.REVOCATION_NOTIFICATION"
155-->[com.google.android.gms:play-services-auth:20.3.0] AndroidManifest.xml:36:13-107
156            android:visibleToInstantApps="true" />
156-->[com.google.android.gms:play-services-auth:20.3.0] AndroidManifest.xml:37:13-48
157
158        <activity
158-->[com.google.android.gms:play-services-base:18.0.1] AndroidManifest.xml:20:9-22:45
159            android:name="com.google.android.gms.common.api.GoogleApiActivity"
159-->[com.google.android.gms:play-services-base:18.0.1] AndroidManifest.xml:20:19-85
160            android:exported="false"
160-->[com.google.android.gms:play-services-base:18.0.1] AndroidManifest.xml:22:19-43
161            android:theme="@android:style/Theme.Translucent.NoTitleBar" />
161-->[com.google.android.gms:play-services-base:18.0.1] AndroidManifest.xml:21:19-78
162
163        <provider
163-->[com.google.firebase:firebase-common:20.2.0] AndroidManifest.xml:25:9-30:39
164            android:name="com.google.firebase.provider.FirebaseInitProvider"
164-->[com.google.firebase:firebase-common:20.2.0] AndroidManifest.xml:26:13-77
165            android:authorities="com.serkanonder.diappetes.firebaseinitprovider"
165-->[com.google.firebase:firebase-common:20.2.0] AndroidManifest.xml:27:13-72
166            android:directBootAware="true"
166-->[com.google.firebase:firebase-common:20.2.0] AndroidManifest.xml:28:13-43
167            android:exported="false"
167-->[com.google.firebase:firebase-common:20.2.0] AndroidManifest.xml:29:13-37
168            android:initOrder="100" />
168-->[com.google.firebase:firebase-common:20.2.0] AndroidManifest.xml:30:13-36
169
170        <meta-data
170-->[com.google.android.gms:play-services-basement:18.1.0] AndroidManifest.xml:21:9-23:69
171            android:name="com.google.android.gms.version"
171-->[com.google.android.gms:play-services-basement:18.1.0] AndroidManifest.xml:22:13-58
172            android:value="@integer/google_play_services_version" />
172-->[com.google.android.gms:play-services-basement:18.1.0] AndroidManifest.xml:23:13-66
173
174        <provider
174-->[androidx.emoji2:emoji2:1.0.0] AndroidManifest.xml:26:9-34:20
175            android:name="androidx.startup.InitializationProvider"
175-->[androidx.emoji2:emoji2:1.0.0] AndroidManifest.xml:27:13-67
176            android:authorities="com.serkanonder.diappetes.androidx-startup"
176-->[androidx.emoji2:emoji2:1.0.0] AndroidManifest.xml:28:13-68
177            android:exported="false" >
177-->[androidx.emoji2:emoji2:1.0.0] AndroidManifest.xml:29:13-37
178            <meta-data
178-->[androidx.emoji2:emoji2:1.0.0] AndroidManifest.xml:31:13-33:52
179                android:name="androidx.emoji2.text.EmojiCompatInitializer"
179-->[androidx.emoji2:emoji2:1.0.0] AndroidManifest.xml:32:17-75
180                android:value="androidx.startup" />
180-->[androidx.emoji2:emoji2:1.0.0] AndroidManifest.xml:33:17-49
181            <meta-data
181-->[androidx.lifecycle:lifecycle-process:2.4.0] AndroidManifest.xml:31:13-33:52
182                android:name="androidx.lifecycle.ProcessLifecycleInitializer"
182-->[androidx.lifecycle:lifecycle-process:2.4.0] AndroidManifest.xml:32:17-78
183                android:value="androidx.startup" />
183-->[androidx.lifecycle:lifecycle-process:2.4.0] AndroidManifest.xml:33:17-49
184        </provider>
185    </application>
186
187</manifest>